<?xml version="1.0" encoding="UTF-8"?>
<testsuite name="com.kodilla.patterns.prototype.BoardTestSuite" tests="1" skipped="0" failures="0" errors="0" timestamp="2018-11-23T20:24:43" hostname="DESKTOP-4RNOU32" time="0.013">
  <properties/>
  <testcase name="testToString" classname="com.kodilla.patterns.prototype.BoardTestSuite" time="0.013"/>
  <system-out><![CDATA[Board [Project number 1]
   List [Done Tasks]
      Task [Done Task number 1]
      Task [Done Task number 2]
      Task [Done Task number 3]
      Task [Done Task number 4]
      Task [Done Task number 5]
      Task [Done Task number 6]
      Task [Done Task number 7]
      Task [Done Task number 8]
      Task [Done Task number 9]
      Task [Done Task number 10]
   List [In Progress Tasks]
      Task [In Progress Task number 1]
      Task [In Progress Task number 2]
      Task [In Progress Task number 3]
      Task [In Progress Task number 4]
      Task [In Progress Task number 5]
      Task [In Progress Task number 6]
      Task [In Progress Task number 7]
      Task [In Progress Task number 8]
      Task [In Progress Task number 9]
      Task [In Progress Task number 10]

Board [Project number 2]
   List [Done Tasks]
      Task [Done Task number 1]
      Task [Done Task number 2]
      Task [Done Task number 3]
      Task [Done Task number 4]
      Task [Done Task number 5]
      Task [Done Task number 6]
      Task [Done Task number 7]
      Task [Done Task number 8]
      Task [Done Task number 9]
      Task [Done Task number 10]
   List [In Progress Tasks]
      Task [In Progress Task number 1]
      Task [In Progress Task number 2]
      Task [In Progress Task number 3]
      Task [In Progress Task number 4]
      Task [In Progress Task number 5]
      Task [In Progress Task number 6]
      Task [In Progress Task number 7]
      Task [In Progress Task number 8]
      Task [In Progress Task number 9]
      Task [In Progress Task number 10]

Board [Project number3]
   List [In Progress Tasks]
      Task [In Progress Task number 1]
      Task [In Progress Task number 2]
      Task [In Progress Task number 3]
      Task [In Progress Task number 4]
      Task [In Progress Task number 5]
      Task [In Progress Task number 6]
      Task [In Progress Task number 7]
      Task [In Progress Task number 8]
      Task [In Progress Task number 9]
      Task [In Progress Task number 10]
   List [To Do Tasks]
      Task [To Do Task number1]
      Task [To Do Task number2]
      Task [To Do Task number3]
      Task [To Do Task number4]
      Task [To Do Task number5]
      Task [To Do Task number6]
      Task [To Do Task number7]
      Task [To Do Task number8]
      Task [To Do Task number9]
      Task [To Do Task number10]
   List [Done Tasks]
      Task [Done Task number 1]
      Task [Done Task number 2]
      Task [Done Task number 3]
      Task [Done Task number 4]
      Task [Done Task number 5]
      Task [Done Task number 6]
      Task [Done Task number 7]
      Task [Done Task number 8]
      Task [Done Task number 9]
      Task [Done Task number 10]

]]></system-out>
  <system-err><![CDATA[]]></system-err>
</testsuite>
