<?xml version="1.0" encoding="UTF-8"?>
<testsuite name="com.kodilla.patterns.strategy.social.UserTestSuite" tests="2" skipped="0" failures="0" errors="0" timestamp="2018-11-23T20:24:43" hostname="DESKTOP-4RNOU32" time="0.002">
  <properties/>
  <testcase name="testDefaultSharingStrategies" classname="com.kodilla.patterns.strategy.social.UserTestSuite" time="0.002"/>
  <testcase name="testIndividualSharingStrategy" classname="com.kodilla.patterns.strategy.social.UserTestSuite" time="0.0"/>
  <system-out><![CDATA[User one shared with Facebook
User two shared with Twitter
User three shared with Snapchat
User one shared with Facebook
User one shared with Twitter
]]></system-out>
  <system-err><![CDATA[]]></system-err>
</testsuite>
